<?xml version="1.0" encoding="UTF-8"?>
<!-- Generated by org.testng.reporters.JUnitReportReporter -->
<testsuite skipped="0" hostname="DESKTOP-JPA3P61" name="computers.TC_002_ToHandleDropdown" tests="1" failures="0" timestamp="2022-09-24T09:49:23 IST" time="10.871" errors="0">
  <testcase name="ToHandleDropdown" time="10.871" classname="computers.TC_002_ToHandleDropdown"/>
  <system-out>
Computer page displayed successfully Desktops page displayed successfully Price: Low to High is selected successfully  </system-out>
</testsuite> <!-- computers.TC_002_ToHandleDropdown -->
