<?xml version="1.0" encoding="UTF-8"?>
<!-- Generated by org.testng.reporters.JUnitReportReporter -->
<testsuite skipped="0" hostname="DESKTOP-JPA3P61" name="shoppingCart.TC_003_ToHandleStateDropdown" tests="1" failures="0" timestamp="2022-09-15T11:57:07 IST" time="50.605" errors="0">
  <testcase name="toHandleStateDropdow" time="50.605" classname="shoppingCart.TC_003_ToHandleStateDropdown"/>
  <system-out>
Shopping Cart page displayed successful Other (Non US) selected successful  </system-out>
</testsuite> <!-- shoppingCart.TC_003_ToHandleStateDropdown -->
