<?xml version="1.0" encoding="UTF-8"?>
<!-- Generated by org.testng.reporters.JUnitReportReporter -->
<testsuite skipped="0" hostname="DESKTOP-JPA3P61" name="Books.TC_003_ToHandleDislpayDropdown" tests="1" failures="0" timestamp="2022-09-14T23:39:06 IST" time="12.069" errors="0">
  <testcase name="toHandleDislpayDropdown" time="12.069" classname="Books.TC_003_ToHandleDislpayDropdown"/>
  <system-out>
Books page displayed successfully 12 is selected successfully  </system-out>
</testsuite> <!-- Books.TC_003_ToHandleDislpayDropdown -->
