<?xml version="1.0" encoding="UTF-8"?>
<!-- Generated by org.testng.reporters.JUnitReportReporter -->
<testsuite skipped="0" hostname="DESKTOP-JPA3P61" name="computers.SampleTestCase" tests="1" failures="0" timestamp="2022-09-24T09:49:23 IST" time="10.356" errors="0">
  <testcase name="sample" time="10.356" classname="computers.SampleTestCase"/>
  <system-out/>
</testsuite> <!-- computers.SampleTestCase -->
