<?xml version="1.0" encoding="UTF-8"?>
<!-- Generated by org.testng.reporters.JUnitReportReporter -->
<testsuite skipped="0" hostname="DESKTOP-JPA3P61" name="Books.TC_005ToAddTwoProductsInCart" tests="1" failures="0" timestamp="2022-09-15T10:13:59 IST" time="37.288" errors="0">
  <testcase name="toAddTwoProductsInCart" time="37.288" classname="Books.TC_005ToAddTwoProductsInCart"/>
  <system-out>
Books page displayed successfully click on Computing and Internet Book done successfully product1 is added successfully in cart click on Fictioon Book done successfully product2 is added successfully in cart  </system-out>
</testsuite> <!-- Books.TC_005ToAddTwoProductsInCart -->
