<?xml version="1.0" encoding="UTF-8"?>
<!-- Generated by org.testng.reporters.JUnitReportReporter -->
<testsuite skipped="0" hostname="DESKTOP-JPA3P61" name="Books.TC_006_ToRemoveProductFromCart" tests="1" failures="0" timestamp="2022-09-21T14:10:07 IST" time="22.137" errors="0">
  <testcase name="toRemoveProductFromCart" time="22.137" classname="Books.TC_006_ToRemoveProductFromCart"/>
  <system-out>
Shopping Cart page displayed successful checkbox selected successfully product is removed from cart  successfully  </system-out>
</testsuite> <!-- Books.TC_006_ToRemoveProductFromCart -->
