<?xml version="1.0" encoding="UTF-8"?>
<!-- Generated by org.testng.reporters.JUnitReportReporter -->
<testsuite skipped="0" hostname="DESKTOP-JPA3P61" name="Books.TC_002_ToHandleSortByDroppdown" tests="1" failures="0" timestamp="2022-09-14T23:32:36 IST" time="12.200" errors="0">
  <testcase name="toHandleSortByDroppdown" time="12.200" classname="Books.TC_002_ToHandleSortByDroppdown"/>
  <system-out>
Books page displayed successfully Price: Low to High is selected successfully  </system-out>
</testsuite> <!-- Books.TC_002_ToHandleSortByDroppdown -->
