<?xml version="1.0" encoding="UTF-8"?>
<!-- Generated by org.testng.reporters.JUnitReportReporter -->
<testsuite skipped="0" hostname="DESKTOP-JPA3P61" name="computers.TC_006_ToAddAccessriesInToCart" tests="1" failures="0" timestamp="2022-09-24T09:49:23 IST" time="13.128" errors="0">
  <testcase name="toAddAccessriesInToCart" time="13.128" classname="computers.TC_006_ToAddAccessriesInToCart"/>
  <system-out>
Computer page displayed successfully Accessories page displayed successfully click on tcpdone successfully product is added successfully in cart  </system-out>
</testsuite> <!-- computers.TC_006_ToAddAccessriesInToCart -->
