<?xml version="1.0" encoding="UTF-8"?>
<!-- Generated by org.testng.reporters.JUnitReportReporter -->
<testsuite skipped="0" hostname="DESKTOP-JPA3P61" name="genericLibrary.Base_Class" tests="1" failures="0" timestamp="2022-09-14T19:50:08 IST" time="8.894" errors="0">
  <testcase name="sampleTestCase" time="8.894" classname="genericLibrary.Base_Class"/>
  <system-out>
sample test case  </system-out>
</testsuite> <!-- genericLibrary.Base_Class -->
