<?xml version="1.0" encoding="UTF-8"?>
<!-- Generated by org.testng.reporters.JUnitReportReporter -->
<testsuite skipped="0" hostname="DESKTOP-JPA3P61" name="computers.TC_004_ToHandleViewAsDropdown" tests="1" failures="0" timestamp="2022-09-24T09:49:23 IST" time="12.419" errors="0">
  <testcase name="ToHandleViewAsDropDown" time="12.419" classname="computers.TC_004_ToHandleViewAsDropdown"/>
  <system-out>
Computer page displayed successfully Desktops page displayed successfully List is selected successfully  </system-out>
</testsuite> <!-- computers.TC_004_ToHandleViewAsDropdown -->
