<?xml version="1.0" encoding="UTF-8"?>
<!-- Generated by org.testng.reporters.JUnitReportReporter -->
<testsuite skipped="0" hostname="DESKTOP-JPA3P61" name="Books.TC_001_ToAddBookInCart" tests="1" failures="0" timestamp="2022-09-21T11:51:51 IST" time="18.830" errors="0">
  <testcase name="toAddBookInCart" time="18.830" classname="Books.TC_001_ToAddBookInCart"/>
  <system-out>
Books page displayed successfully Computing and Internet Book page displayed successfully click on Computing and Internet Book done successfully product is added successfully in cart  </system-out>
</testsuite> <!-- Books.TC_001_ToAddBookInCart -->
