<?xml version="1.0" encoding="UTF-8"?>
<!-- Generated by org.testng.reporters.JUnitReportReporter -->
<testsuite skipped="0" hostname="DESKTOP-JPA3P61" name="Books.TC_004_ToHandleViewAsDropdown" tests="1" failures="0" timestamp="2022-09-15T10:24:48 IST" time="10.772" errors="0">
  <testcase name="toHandleViewAsDropdown" time="10.772" classname="Books.TC_004_ToHandleViewAsDropdown"/>
  <system-out>
Books page displayed successfully Grid is selected successfully  </system-out>
</testsuite> <!-- Books.TC_004_ToHandleViewAsDropdown -->
