<?xml version="1.0" encoding="UTF-8"?>
<!-- Generated by org.testng.reporters.JUnitReportReporter -->
<testsuite skipped="0" hostname="DESKTOP-JPA3P61" name="computers.TC_003_ToHandleDisplayAropDown" tests="1" failures="0" timestamp="2022-09-24T09:49:23 IST" time="11.315" errors="0">
  <testcase name="ToHandleDisplayAropDown" time="11.315" classname="computers.TC_003_ToHandleDisplayAropDown"/>
  <system-out>
Computer page displayed successfully Desktops page displayed successfully 12 is selected successfully  </system-out>
</testsuite> <!-- computers.TC_003_ToHandleDisplayAropDown -->
