<?xml version="1.0" encoding="UTF-8"?>
<!-- Generated by org.testng.reporters.JUnitReportReporter -->
<testsuite skipped="0" hostname="DESKTOP-JPA3P61" name="computers.TC_ToHandleViewAsDropdown" tests="1" failures="0" timestamp="2022-09-14T22:08:58 IST" time="56.334" errors="0">
  <testcase name="ToHandleViewAsDropDown" time="56.334" classname="computers.TC_ToHandleViewAsDropdown"/>
  <system-out>
Computer page displayed successfully Desktops page displayed successfully List is selected successfully  </system-out>
</testsuite> <!-- computers.TC_ToHandleViewAsDropdown -->
