<?xml version="1.0" encoding="UTF-8"?>
<!-- Generated by org.testng.reporters.JUnitReportReporter -->
<testsuite skipped="0" hostname="DESKTOP-JPA3P61" name="computers.TC_001_ToAddCheapComputerInCart" tests="1" failures="0" timestamp="2022-09-24T09:49:23 IST" time="15.141" errors="0">
  <testcase name="toAddCheapComputerInCart" time="15.141" classname="computers.TC_001_ToAddCheapComputerInCart"/>
  <system-out>
Computer page displayed successfully Desktops page displayed successfully click on build computer done successfully product is added successfully in cart  </system-out>
</testsuite> <!-- computers.TC_001_ToAddCheapComputerInCart -->
